ARM GAS  /tmp/cc7RCWSZ.s 			page 1


   1              		.cpu cortex-m3
   2              		.eabi_attribute 20, 1
   3              		.eabi_attribute 21, 1
   4              		.eabi_attribute 23, 3
   5              		.eabi_attribute 24, 1
   6              		.eabi_attribute 25, 1
   7              		.eabi_attribute 26, 1
   8              		.eabi_attribute 30, 1
   9              		.eabi_attribute 34, 1
  10              		.eabi_attribute 18, 4
  11              		.file	"pwm.c"
  12              		.text
  13              	.Ltext0:
  14              		.cfi_sections	.debug_frame
  15              		.section	.text.BLDC_StartPWM,"ax",%progbits
  16              		.align	1
  17              		.global	BLDC_StartPWM
  18              		.syntax unified
  19              		.thumb
  20              		.thumb_func
  21              		.fpu softvfp
  23              	BLDC_StartPWM:
  24              	.LFB66:
  25              		.file 1 "BLDC/pwm.c"
   1:BLDC/pwm.c    **** #include "pwm.h"
   2:BLDC/pwm.c    **** 
   3:BLDC/pwm.c    **** void BLDC_StartPWM(void)
   4:BLDC/pwm.c    **** {
  26              		.loc 1 4 0
  27              		.cfi_startproc
  28              		@ args = 0, pretend = 0, frame = 0
  29              		@ frame_needed = 0, uses_anonymous_args = 0
  30              		@ link register save eliminated.
   5:BLDC/pwm.c    **** 	PWM_TIM->CR1 |= TIM_CR1_CEN;	// 计数器使能
  31              		.loc 1 5 0
  32 0000 044B     		ldr	r3, .L2
  33 0002 1A68     		ldr	r2, [r3]
  34 0004 42F00102 		orr	r2, r2, #1
  35 0008 1A60     		str	r2, [r3]
   6:BLDC/pwm.c    **** 	PWM_TIM->BDTR |= TIM_BDTR_MOE;	// 开启OC和OCN输出
  36              		.loc 1 6 0
  37 000a 5A6C     		ldr	r2, [r3, #68]
  38 000c 42F40042 		orr	r2, r2, #32768
  39 0010 5A64     		str	r2, [r3, #68]
   7:BLDC/pwm.c    **** }
  40              		.loc 1 7 0
  41 0012 7047     		bx	lr
  42              	.L3:
  43              		.align	2
  44              	.L2:
  45 0014 002C0140 		.word	1073818624
  46              		.cfi_endproc
  47              	.LFE66:
  49              		.section	.text.BLDC_StopPWM,"ax",%progbits
  50              		.align	1
  51              		.global	BLDC_StopPWM
  52              		.syntax unified
ARM GAS  /tmp/cc7RCWSZ.s 			page 2


  53              		.thumb
  54              		.thumb_func
  55              		.fpu softvfp
  57              	BLDC_StopPWM:
  58              	.LFB67:
   8:BLDC/pwm.c    **** 
   9:BLDC/pwm.c    **** void BLDC_StopPWM(void)
  10:BLDC/pwm.c    **** {
  59              		.loc 1 10 0
  60              		.cfi_startproc
  61              		@ args = 0, pretend = 0, frame = 0
  62              		@ frame_needed = 0, uses_anonymous_args = 0
  63              		@ link register save eliminated.
  11:BLDC/pwm.c    **** 	PWM_TIM->CR1 &= ~TIM_CR1_CEN;
  64              		.loc 1 11 0
  65 0000 044B     		ldr	r3, .L5
  66 0002 1A68     		ldr	r2, [r3]
  67 0004 22F00102 		bic	r2, r2, #1
  68 0008 1A60     		str	r2, [r3]
  12:BLDC/pwm.c    **** 	PWM_TIM->BDTR &= ~TIM_BDTR_MOE;
  69              		.loc 1 12 0
  70 000a 5A6C     		ldr	r2, [r3, #68]
  71 000c 22F40042 		bic	r2, r2, #32768
  72 0010 5A64     		str	r2, [r3, #68]
  13:BLDC/pwm.c    **** }
  73              		.loc 1 13 0
  74 0012 7047     		bx	lr
  75              	.L6:
  76              		.align	2
  77              	.L5:
  78 0014 002C0140 		.word	1073818624
  79              		.cfi_endproc
  80              	.LFE67:
  82              		.section	.text.BLDC_UpdatePwmDuty,"ax",%progbits
  83              		.align	1
  84              		.global	BLDC_UpdatePwmDuty
  85              		.syntax unified
  86              		.thumb
  87              		.thumb_func
  88              		.fpu softvfp
  90              	BLDC_UpdatePwmDuty:
  91              	.LFB68:
  14:BLDC/pwm.c    **** 
  15:BLDC/pwm.c    **** void BLDC_UpdatePwmDuty(uint16_t duty)
  16:BLDC/pwm.c    **** {
  92              		.loc 1 16 0
  93              		.cfi_startproc
  94              		@ args = 0, pretend = 0, frame = 0
  95              		@ frame_needed = 0, uses_anonymous_args = 0
  96              		@ link register save eliminated.
  97              	.LVL0:
  17:BLDC/pwm.c    **** 	PWM_TIM->CCR1 = duty;
  98              		.loc 1 17 0
  99 0000 024B     		ldr	r3, .L8
 100 0002 5863     		str	r0, [r3, #52]
  18:BLDC/pwm.c    **** 	PWM_TIM->CCR2 = duty;
 101              		.loc 1 18 0
ARM GAS  /tmp/cc7RCWSZ.s 			page 3


 102 0004 9863     		str	r0, [r3, #56]
  19:BLDC/pwm.c    **** 	PWM_TIM->CCR3 = duty;
 103              		.loc 1 19 0
 104 0006 D863     		str	r0, [r3, #60]
  20:BLDC/pwm.c    **** 	PWM_TIM->CCR4 = duty;
 105              		.loc 1 20 0
 106 0008 1864     		str	r0, [r3, #64]
  21:BLDC/pwm.c    **** }
 107              		.loc 1 21 0
 108 000a 7047     		bx	lr
 109              	.L9:
 110              		.align	2
 111              	.L8:
 112 000c 002C0140 		.word	1073818624
 113              		.cfi_endproc
 114              	.LFE68:
 116              		.text
 117              	.Letext0:
 118              		.file 2 "/usr/arm-none-eabi/include/machine/_default_types.h"
 119              		.file 3 "/usr/arm-none-eabi/include/sys/_stdint.h"
 120              		.file 4 "Drivers/STM32Cube_FW_F1_V1.4.0/CMSIS/Include/core_cm3.h"
 121              		.file 5 "Drivers/STM32Cube_FW_F1_V1.4.0/CMSIS/Device/STM32F1xx/Include/system_stm32f1xx.h"
 122              		.file 6 "Drivers/STM32Cube_FW_F1_V1.4.0/CMSIS/Device/STM32F1xx/Include/stm32f103xb.h"
 123              		.file 7 "/usr/arm-none-eabi/include/sys/lock.h"
 124              		.file 8 "/usr/arm-none-eabi/include/sys/_types.h"
 125              		.file 9 "/usr/lib/gcc/arm-none-eabi/7.2.1/include/stddef.h"
 126              		.file 10 "/usr/arm-none-eabi/include/sys/reent.h"
 127              		.file 11 "BLDC/bldc.h"
ARM GAS  /tmp/cc7RCWSZ.s 			page 4


DEFINED SYMBOLS
                            *ABS*:0000000000000000 pwm.c
     /tmp/cc7RCWSZ.s:16     .text.BLDC_StartPWM:0000000000000000 $t
     /tmp/cc7RCWSZ.s:23     .text.BLDC_StartPWM:0000000000000000 BLDC_StartPWM
     /tmp/cc7RCWSZ.s:45     .text.BLDC_StartPWM:0000000000000014 $d
     /tmp/cc7RCWSZ.s:50     .text.BLDC_StopPWM:0000000000000000 $t
     /tmp/cc7RCWSZ.s:57     .text.BLDC_StopPWM:0000000000000000 BLDC_StopPWM
     /tmp/cc7RCWSZ.s:78     .text.BLDC_StopPWM:0000000000000014 $d
     /tmp/cc7RCWSZ.s:83     .text.BLDC_UpdatePwmDuty:0000000000000000 $t
     /tmp/cc7RCWSZ.s:90     .text.BLDC_UpdatePwmDuty:0000000000000000 BLDC_UpdatePwmDuty
     /tmp/cc7RCWSZ.s:112    .text.BLDC_UpdatePwmDuty:000000000000000c $d

NO UNDEFINED SYMBOLS
